

*******************************************************************************
Tue May  9 17:44:04 2017


FIT:    data read from "cr.dat" u 1:2:3
        format = x:z:s
        #datapoints = 4
function used for fitting: f(x)
	f(x) = B * x + A
BREAK: Need via and either parameter list or file

*******************************************************************************
Tue May  9 17:44:24 2017


FIT:    data read from "cr.dat" u 1:2:3
        format = x:z:s
        #datapoints = 4
function used for fitting: f(x)
	f(x) = B * x + A
fitted parameters initialized with current variable values

iter      chisq       delta/lim  lambda   A             B            
   0 1.1808162750e+07   0.00e+00  5.30e-01    1.000000e+00   1.000000e+00
   4 7.5000000000e-02  -4.72e-03  5.30e-05    3.437250e+03   1.770000e+01

After 4 iterations the fit converged.
final sum of squares of residuals : 0.075
rel. change during last iteration : -4.7199e-08

degrees of freedom    (FIT_NDF)                        : 2
rms of residuals      (FIT_STDFIT) = sqrt(WSSR/ndf)    : 0.193649
variance of residuals (reduced chisquare) = WSSR/ndf   : 0.0375
p-value of the Chisq distribution (FIT_P)              : 0.963194

Final set of parameters            Asymptotic Standard Error
=======================            ==========================
A               = 3437.25          +/- 0.1936       (0.005634%)
B               = 17.7             +/- 0.1732       (0.9786%)

correlation matrix of the fit parameters:
                A      B      
A               1.000 
B               0.000  1.000 


*******************************************************************************
Tue May  9 17:44:28 2017


FIT:    data read from "cr.dat" u 1:2
        format = x:z
        #datapoints = 4
        residuals are weighted equally (unit weight)

function used for fitting: f(x)
	f(x) = B * x + A
fitted parameters initialized with current variable values

iter      chisq       delta/lim  lambda   A             B            
   0 3.0000000000e-01   0.00e+00  2.43e+03    3.437250e+03   1.770000e+01
   1 3.0000000000e-01   0.00e+00  2.43e+02    3.437250e+03   1.770000e+01

After 1 iterations the fit converged.
final sum of squares of residuals : 0.3
rel. change during last iteration : 0

degrees of freedom    (FIT_NDF)                        : 2
rms of residuals      (FIT_STDFIT) = sqrt(WSSR/ndf)    : 0.387298
variance of residuals (reduced chisquare) = WSSR/ndf   : 0.15

Final set of parameters            Asymptotic Standard Error
=======================            ==========================
A               = 3437.25          +/- 0.1936       (0.005634%)
B               = 17.7             +/- 0.1732       (0.9786%)

correlation matrix of the fit parameters:
                A      B      
A               1.000 
B              -0.000  1.000 


*******************************************************************************
Tue May  9 17:44:58 2017


FIT:    data read from "cr.dat" u 1:2:3
        format = x:z:s
        #datapoints = 4
function used for fitting: f(x)
	f(x) = B * x + A
BREAK: Need via and either parameter list or file

*******************************************************************************
Tue May  9 17:45:29 2017


FIT:    data read from "cr.dat" u 1:2:3
        format = x:z:s
        #datapoints = 4
function used for fitting: f(x)
	f(x) = B * x + A
fitted parameters initialized with current variable values

iter      chisq       delta/lim  lambda   A             B            
   0 7.5000000000e-02   0.00e+00  1.22e+03    3.437250e+03   1.770000e+01
   1 7.5000000000e-02   0.00e+00  1.22e+02    3.437250e+03   1.770000e+01

After 1 iterations the fit converged.
final sum of squares of residuals : 0.075
rel. change during last iteration : 0

degrees of freedom    (FIT_NDF)                        : 2
rms of residuals      (FIT_STDFIT) = sqrt(WSSR/ndf)    : 0.193649
variance of residuals (reduced chisquare) = WSSR/ndf   : 0.0375
p-value of the Chisq distribution (FIT_P)              : 0.963194

Final set of parameters            Asymptotic Standard Error
=======================            ==========================
A               = 3437.25          +/- 0.1936       (0.005634%)
B               = 17.7             +/- 0.1732       (0.9786%)

correlation matrix of the fit parameters:
                A      B      
A               1.000 
B               0.000  1.000 


*******************************************************************************
Tue May  9 17:45:44 2017


FIT:    data read from "cr.dat" u 1:2:3
        format = x:z:s
        #datapoints = 4
function used for fitting: f(x)
	f(x) = B * x + A
fitted parameters initialized with current variable values

iter      chisq       delta/lim  lambda   A             B            
   0 7.5000000000e-02   0.00e+00  1.22e+03    3.437250e+03   1.770000e+01
   1 7.5000000000e-02   0.00e+00  1.22e+02    3.437250e+03   1.770000e+01

After 1 iterations the fit converged.
final sum of squares of residuals : 0.075
rel. change during last iteration : 0

degrees of freedom    (FIT_NDF)                        : 2
rms of residuals      (FIT_STDFIT) = sqrt(WSSR/ndf)    : 0.193649
variance of residuals (reduced chisquare) = WSSR/ndf   : 0.0375
p-value of the Chisq distribution (FIT_P)              : 0.963194

Final set of parameters            Asymptotic Standard Error
=======================            ==========================
A               = 3437.25          +/- 0.1936       (0.005634%)
B               = 17.7             +/- 0.1732       (0.9786%)

correlation matrix of the fit parameters:
                A      B      
A               1.000 
B               0.000  1.000 


*******************************************************************************
Tue May  9 17:45:59 2017


FIT:    data read from "cr.dat" u 1:2:3
        format = x:z:s
        #datapoints = 4
function used for fitting: f(x)
	f(x) = B * x + A
fitted parameters initialized with current variable values

iter      chisq       delta/lim  lambda   A             B            
   0 7.5000000000e-02   0.00e+00  1.22e+03    3.437250e+03   1.770000e+01
   1 7.5000000000e-02   0.00e+00  1.22e+02    3.437250e+03   1.770000e+01

After 1 iterations the fit converged.
final sum of squares of residuals : 0.075
rel. change during last iteration : 0

degrees of freedom    (FIT_NDF)                        : 2
rms of residuals      (FIT_STDFIT) = sqrt(WSSR/ndf)    : 0.193649
variance of residuals (reduced chisquare) = WSSR/ndf   : 0.0375
p-value of the Chisq distribution (FIT_P)              : 0.963194

Final set of parameters            Asymptotic Standard Error
=======================            ==========================
A               = 3437.25          +/- 0.1936       (0.005634%)
B               = 17.7             +/- 0.1732       (0.9786%)

correlation matrix of the fit parameters:
                A      B      
A               1.000 
B               0.000  1.000 


*******************************************************************************
Tue May  9 18:00:38 2017


FIT:    data read from "cr.dat" u 1:2:3
        format = x:z:s
        #datapoints = 4
function used for fitting: f(x)
	f(x) = B * x + A
fitted parameters initialized with current variable values

iter      chisq       delta/lim  lambda   A             B            
   0 1.1808162750e+07   0.00e+00  5.30e-01    1.000000e+00   1.000000e+00
   4 7.5000000000e-02  -4.72e-03  5.30e-05    3.437250e+03   1.770000e+01

After 4 iterations the fit converged.
final sum of squares of residuals : 0.075
rel. change during last iteration : -4.7199e-08

degrees of freedom    (FIT_NDF)                        : 2
rms of residuals      (FIT_STDFIT) = sqrt(WSSR/ndf)    : 0.193649
variance of residuals (reduced chisquare) = WSSR/ndf   : 0.0375
p-value of the Chisq distribution (FIT_P)              : 0.963194

Final set of parameters            Asymptotic Standard Error
=======================            ==========================
A               = 3437.25          +/- 0.1936       (0.005634%)
B               = 17.7             +/- 0.1732       (0.9786%)

correlation matrix of the fit parameters:
                A      B      
A               1.000 
B               0.000  1.000 


*******************************************************************************
Tue May  9 18:00:48 2017


FIT:    data read from "cr.dat" u 1:2:3
        format = x:z:s
        #datapoints = 4
function used for fitting: f(x)
	f(x) = B * x + A
BREAK: Need via and either parameter list or file

*******************************************************************************
Tue May  9 18:01:05 2017


FIT:    data read from "cr.dat" u 1:2:3
        format = x:z:s
        #datapoints = 4
function used for fitting: f(x)
	f(x) = B * x + A
BREAK: Need via and either parameter list or file

*******************************************************************************
Tue May  9 18:01:12 2017


FIT:    data read from "cr.dat" u 1:2:3
        format = x:z:s
        #datapoints = 4
function used for fitting: f(x)
	f(x) = B * x + A
BREAK: Need via and either parameter list or file

*******************************************************************************
Tue May  9 18:01:15 2017


FIT:    data read from "cr.dat" u 1:2:3
        format = x:z:s
        #datapoints = 4
function used for fitting: f(x)
	f(x) = B * x + A
BREAK: Need via and either parameter list or file

*******************************************************************************
Tue May  9 18:01:24 2017


FIT:    data read from "cr.dat" using 1:2:3
        format = x:z:s
        #datapoints = 4
function used for fitting: f(x)
	f(x) = B * x + A
BREAK: Need via and either parameter list or file

*******************************************************************************
Tue May  9 18:02:26 2017


FIT:    data read from "cr.dat" using 1:2:(0):3
        format = x:y:z:s
        #datapoints = 4
function used for fitting: f(x)
	f(x) = B * x + A
BREAK: Need via and either parameter list or file

*******************************************************************************
Tue May  9 18:02:32 2017


FIT:    data read from "cr.dat" using 1:2:(0):(2)
        format = x:y:z:s
        #datapoints = 4
function used for fitting: f(x)
	f(x) = B * x + A
BREAK: Need via and either parameter list or file

*******************************************************************************
Tue May  9 18:04:12 2017


FIT:    data read from "cr.dat" using 1:2:(0):(2) xyerrors
        format = x:sx:z:s
        #datapoints = 4
function used for fitting: f(x)
	f(x) = B * x + A
fitted parameters initialized with current variable values

iter      chisq       delta/lim  lambda   A             B            
   0 7.5000000000e-02   0.00e+00  1.22e+03    3.437250e+03   1.770000e+01
   1 7.5000000000e-02   0.00e+00  1.22e+02    3.437250e+03   1.770000e+01

After 1 iterations the fit converged.
final sum of squares of residuals : 0.075
rel. change during last iteration : 0

degrees of freedom    (FIT_NDF)                        : 2
rms of residuals      (FIT_STDFIT) = sqrt(WSSR/ndf)    : 0.193649
variance of residuals (reduced chisquare) = WSSR/ndf   : 0.0375
p-value of the Chisq distribution (FIT_P)              : 0.963194

Final set of parameters            Asymptotic Standard Error
=======================            ==========================
A               = 3437.25          +/- 0.1936       (0.005634%)
B               = 17.7             +/- 0.1732       (0.9786%)

correlation matrix of the fit parameters:
                A      B      
A               1.000 
B              -0.000  1.000 


*******************************************************************************
Tue May  9 18:04:22 2017


FIT:    data read from "cr.dat" using 1:2:3 yerrors
        format = x:z:s
        #datapoints = 4
function used for fitting: f(x)
	f(x) = B * x + A
fitted parameters initialized with current variable values

iter      chisq       delta/lim  lambda   A             B            
   0 7.5000000000e-02   0.00e+00  1.22e+03    3.437250e+03   1.770000e+01
   1 7.5000000000e-02   0.00e+00  1.22e+02    3.437250e+03   1.770000e+01

After 1 iterations the fit converged.
final sum of squares of residuals : 0.075
rel. change during last iteration : 0

degrees of freedom    (FIT_NDF)                        : 2
rms of residuals      (FIT_STDFIT) = sqrt(WSSR/ndf)    : 0.193649
variance of residuals (reduced chisquare) = WSSR/ndf   : 0.0375
p-value of the Chisq distribution (FIT_P)              : 0.963194

Final set of parameters            Asymptotic Standard Error
=======================            ==========================
A               = 3437.25          +/- 0.1936       (0.005634%)
B               = 17.7             +/- 0.1732       (0.9786%)

correlation matrix of the fit parameters:
                A      B      
A               1.000 
B               0.000  1.000 
